<?xml version="1.0" encoding="UTF-8"?>
<!-- Generated by org.testng.reporters.JUnitReportReporter -->
<testsuite hostname="DESKTOP-KP30BUB" failures="0" tests="4" name="ui.LoginTest1" time="12.233" errors="0" timestamp="2021-07-03T14:50:21 IDT" skipped="0">
  <testcase classname="ui.LoginTest1" name="CALogin" time="2.047"/>
  <system-out/>
  <testcase classname="ui.LoginTest1" name="TitleCheck" time="1.792"/>
  <system-out/>
  <testcase classname="ui.LoginTest1" name="Logout" time="7.374"/>
  <system-out/>
  <testcase classname="ui.LoginTest1" name="TitleLogoutCheck" time="1.020"/>
  <system-out/>
</testsuite> <!-- ui.LoginTest1 -->
